q3
(q0 (%0% "c" "c"))
(%0% (%1% "a" "a"))
(%1% (%2% "u" "u"))
(%2% (%3% "g" "g"))
(%3% (%4% "h" "h"))
(%4% ($irreg_past_verb_form "t" "t"))
($irreg_past_verb_form (q3 *e* "irreg_past_verb_form"))
(q0 (%5% "a" "a"))
(%5% (%6% "t" "t"))
(%6% ($irreg_past_verb_form "e" "e"))
(q0 (%7% "s" "s"))
(%7% (%8% "a" "a"))
(%8% (%9% "n" "n"))
(%9% ($irreg_past_verb_form "g" "g"))
(q0 (%10% "s" "s"))
(%10% (%11% "p" "p"))
(%11% (%12% "o" "o"))
(%12% (%13% "k" "k"))
(%13% ($irreg_past_verb_form "e" "e"))
(q0 (%14% "e" "e"))
(%14% (%15% "a" "a"))
(%15% (%16% "t" "t"))
(%16% (%17% "e" "e"))
(%17% ($irreg_past_verb_form "n" "n"))
(q0 (%18% "s" "s"))
(%18% (%19% "u" "u"))
(%19% (%20% "n" "n"))
(%20% ($irreg_past_verb_form "g" "g"))
(q0 (%21% "s" "s"))
(%21% (%22% "p" "p"))
(%22% (%23% "o" "o"))
(%23% (%24% "k" "k"))
(%24% (%25% "e" "e"))
(%25% ($irreg_past_verb_form "n" "n"))
(q0 (%26% "w" "w"))
(%26% (%27% "a" "a"))
(%27% (%28% "l" "l"))
(%28% ($reg_verb_stem "k" "k"))
($reg_verb_stem (q1 *e* "reg_verb_stem"))
(q0 (%29% "t" "t"))
(%29% (%30% "a" "a"))
(%30% (%31% "l" "l"))
(%31% ($reg_verb_stem "k" "k"))
(q0 (%32% "i" "i"))
(%32% (%33% "m" "m"))
(%33% (%34% "p" "p"))
(%34% (%35% "e" "e"))
(%35% (%36% "a" "a"))
(%36% (%37% "c" "c"))
(%37% ($reg_verb_stem "h" "h"))
(q0 (%38% "w" "w"))
(%38% (%39% "a" "a"))
(%39% (%40% "l" "l"))
(%40% ($reg_verb_stem "k" "k"))
($reg_verb_stem (q2 *e* "reg_verb_stem"))
(q0 (%41% "t" "t"))
(%41% (%42% "a" "a"))
(%42% (%43% "l" "l"))
(%43% ($reg_verb_stem "k" "k"))
(q0 (%44% "i" "i"))
(%44% (%45% "m" "m"))
(%45% (%46% "p" "p"))
(%46% (%47% "e" "e"))
(%47% (%48% "a" "a"))
(%48% (%49% "c" "c"))
(%49% ($reg_verb_stem "h" "h"))
(q1 (%50% "e" "e"))
(%50% ($past "d" "d"))
($past (q3 *e* "past"))
(q1 (%51% "e" "e"))
(%51% ($past_participle "d" "d"))
($past_participle (q3 *e* "past_participle"))
(q0 (%52% "c" "c"))
(%52% (%53% "u" "u"))
(%53% ($irreg_verb_stem "t" "t"))
($irreg_verb_stem (q2 *e* "irreg_verb_stem"))
(q0 (%54% "s" "s"))
(%54% (%55% "p" "p"))
(%55% (%56% "e" "e"))
(%56% (%57% "a" "a"))
(%57% ($irreg_verb_stem "k" "k"))
(q0 (%58% "s" "s"))
(%58% (%59% "i" "i"))
(%59% (%60% "n" "n"))
(%60% ($irreg_verb_stem "g" "g"))
(q2 (%61% "i" "i"))
(%61% (%62% "n" "n"))
(%62% ($pres_part "g" "g"))
($pres_part (q3 *e* "pres_part"))
(q2 ($3sg "s" "s"))
($3sg (q3 *e* "3sg"))
(q1 (q3 *e* *e*))
(q2 (q3 *e* *e*))
